<?xml version="1.0" encoding="UTF-8"?>
<!-- Generated by org.testng.reporters.JUnitXMLReporter -->
<testsuite ignored="11" hostname="Chandraprabha-W11" failures="0" tests="1" name="Default test" time="1.727" errors="0" timestamp="2022-05-18T12:46:46 IST">
  <testcase classname="com.plms.Api.test.TestGetRequest" name="testCamUser" time="1.355"/>
  <testcase classname="com.plms.Api.test.TestGetRequest" name="testVerifyGST" time="0.0">
    <ignored/>
  </testcase> <!-- testVerifyGST -->
  <testcase classname="com.plms.Api.test.TestGetRequest" name="testMasterData" time="0.0">
    <ignored/>
  </testcase> <!-- testMasterData -->
  <testcase classname="com.plms.Api.test.TestGetRequest" name="testUserDetail" time="0.0">
    <ignored/>
  </testcase> <!-- testUserDetail -->
  <testcase classname="com.plms.Api.test.TestGetRequest" name="testViewDocument" time="0.0">
    <ignored/>
  </testcase> <!-- testViewDocument -->
  <testcase classname="com.plms.Api.test.TestGetRequest" name="testFetchDetails" time="0.0">
    <ignored/>
  </testcase> <!-- testFetchDetails -->
  <testcase classname="com.plms.Api.test.TestGetRequest" name="testDigitalKyc" time="0.0">
    <ignored/>
  </testcase> <!-- testDigitalKyc -->
  <testcase classname="com.plms.Api.test.TestGetRequest" name="testListDocument" time="0.0">
    <ignored/>
  </testcase> <!-- testListDocument -->
  <testcase classname="com.plms.Api.test.TestGetRequest" name="testVerifyPan" time="0.0">
    <ignored/>
  </testcase> <!-- testVerifyPan -->
  <testcase classname="com.plms.Api.test.TestGetRequest" name="testGetAllDetails" time="0.0">
    <ignored/>
  </testcase> <!-- testGetAllDetails -->
  <testcase classname="com.plms.Api.test.TestGetRequest" name="testInstaLeads" time="0.0">
    <ignored/>
  </testcase> <!-- testInstaLeads -->
  <testcase classname="com.plms.Api.test.TestGetRequest" name="testGetMobile" time="0.0">
    <ignored/>
  </testcase> <!-- testGetMobile -->
</testsuite> <!-- Default test -->
