<?xml version="1.0" encoding="UTF-8"?>
<!-- Generated by org.testng.reporters.JUnitXMLReporter -->
<testsuite ignored="2" hostname="Chandraprabha-W11" failures="1" tests="5" name="Test" time="42.845" errors="0" timestamp="2022-04-29T13:14:55 IST">
  <testcase classname="com.plms.Api.test.TestGetRequest" name="testDigitalKyc" time="39.118"/>
  <testcase classname="com.plms.Api.test.TestGetRequest" name="testGetAllDetails" time="0.713">
    <failure type="java.lang.AssertionError" message="expected [200] but found [404]">
      <![CDATA[java.lang.AssertionError: expected [200] but found [404]
at com.plms.Api.test.TestGetRequest.testGetAllDetails(TestGetRequest.java:34)
at java.base/java.util.ArrayList.forEach(ArrayList.java:1511)
... Removed 33 stack frames]]>
    </failure>
  </testcase> <!-- testGetAllDetails -->
  <testcase classname="com.plms.Api.test.TestGetRequest" name="testMasterData" time="1.186"/>
  <testcase classname="com.plms.Api.test.TestGetRequest" name="testVerifyGST" time="0.714"/>
  <testcase classname="com.plms.Api.test.TestGetRequest" name="testVerifyPan" time="0.68"/>
  <testcase classname="com.plms.Api.test.TestGetRequest" name="testViewDocument" time="0.0">
    <ignored/>
  </testcase> <!-- testViewDocument -->
  <testcase classname="com.plms.Api.test.TestGetRequest" name="testListDocument" time="0.0">
    <ignored/>
  </testcase> <!-- testListDocument -->
</testsuite> <!-- Test -->
